Qtd updates:  288
Qtd CBSupdat: 428
Qtd perceive: 38
Qtd reaction: 38
2th reacTime: 5867651
3th reacTime: 242815
4th reacTime: 168973
5th reacTime: 216631
6th reacTime: 267016
7th reacTime: 265103
8th reacTime: 180723
9th reacTime: 207415
10th reacTime: 152553
11th reacTime: 190484
12th reacTime: 152613
13th reacTime: 142183
14th reacTime: 171754
15th reacTime: 186464
16th reacTime: 198210
17th reacTime: 187294
18th reacTime: 205445
19th reacTime: 111642
20th reacTime: 160718
21th reacTime: 123092
22th reacTime: 137450
23th reacTime: 123472
24th reacTime: 145312
25th reacTime: 127573
26th reacTime: 181084
27th reacTime: 204696
28th reacTime: 176913
29th reacTime: 175663
30th reacTime: 182833
31th reacTime: 194073
32th reacTime: 189122
33th reacTime: 124972
34th reacTime: 248923
35th reacTime: 224080
36th reacTime: 276464
37th reacTime: 150241
38th reacTime: 147652
Avg reaction times: 172147
Avg time to K Percepts: 267030
