<?xml version="1.0" encoding="UTF-8" standalone="no"?>
<!DOCTYPE log SYSTEM "logger.dtd">
<log>
<record>
  <date>2025-05-05T20:06:07.711041525Z</date>
  <millis>1746475567711</millis>
  <nanos>41525</nanos>
  <sequence>0</sequence>
  <logger>jason.asSemantics.TransitionSystem.uav1</logger>
  <level>INFO</level>
  <class>jason.stdlib.println</class>
  <method>execute</method>
  <thread>34</thread>
  <message>Started!</message>
</record>
<record>
  <date>2025-05-05T20:06:31.318599855Z</date>
  <millis>1746475591318</millis>
  <nanos>599855</nanos>
  <sequence>1</sequence>
  <logger>jason.asSemantics.TransitionSystem.uav1</logger>
  <level>INFO</level>
  <class>jason.stdlib.println</class>
  <method>execute</method>
  <thread>34</thread>
  <message>teste</message>
</record>
</log>
