Qtd updates:  299
Qtd CBSupdat: 495
Qtd perceive: 43
Qtd reaction: 43
2th reacTime: 37352378
3th reacTime: 6898338
4th reacTime: 178603
5th reacTime: 122982
6th reacTime: 118343
7th reacTime: 6127871
8th reacTime: 2651746
9th reacTime: 632353
10th reacTime: 92892
11th reacTime: 6541338
12th reacTime: 104482
13th reacTime: 128533
14th reacTime: 2120212
15th reacTime: 159583
16th reacTime: 196283
17th reacTime: 132702
18th reacTime: 1928258
19th reacTime: 131412
20th reacTime: 677764
21th reacTime: 275086
22th reacTime: 153248
23th reacTime: 101392
24th reacTime: 154143
25th reacTime: 285585
26th reacTime: 830834
27th reacTime: 131422
28th reacTime: 300202
29th reacTime: 114429
30th reacTime: 98392
31th reacTime: 99981
32th reacTime: 103602
33th reacTime: 115113
34th reacTime: 122222
35th reacTime: 2346738
36th reacTime: 157753
37th reacTime: 119674
38th reacTime: 202183
39th reacTime: 142693
40th reacTime: 393658
41th reacTime: 124922
42th reacTime: 99492
43th reacTime: 1156821
Avg reaction times: 850540
Avg time to K Percepts: 1081771
