Qtd updates:  478
Qtd CBSupdat: 5762
Qtd perceive: 227
Qtd reaction: 227
2th reacTime: 456478035
3th reacTime: 424513781
4th reacTime: 58235463
5th reacTime: 1006968556
6th reacTime: 1017759870
7th reacTime: 440430320
8th reacTime: 687651331
9th reacTime: 599566931
10th reacTime: 915554058
11th reacTime: 539618829
12th reacTime: 1064365107
13th reacTime: 571421201
14th reacTime: 1223504353
15th reacTime: 886532968
16th reacTime: 1040441553
17th reacTime: 758993261
18th reacTime: 1275225142
19th reacTime: 936732443
20th reacTime: 1513656885
21th reacTime: 953181373
22th reacTime: 1372590726
23th reacTime: 1176539868
24th reacTime: 1353851273
25th reacTime: 1037683667
26th reacTime: 1522229193
27th reacTime: 2851351381
28th reacTime: 1667065571
29th reacTime: 1219409041
30th reacTime: 1859541746
31th reacTime: 1160234798
32th reacTime: 1522236388
33th reacTime: 1938124733
34th reacTime: 1726340074
35th reacTime: 2337675936
36th reacTime: 1617066316
37th reacTime: 1528150357
38th reacTime: 1671080730
39th reacTime: 2412455012
40th reacTime: 1950194273
41th reacTime: 2567765822
42th reacTime: 1965253523
43th reacTime: 1986380994
44th reacTime: 2514805697
45th reacTime: 1435997522
46th reacTime: 2228089016
47th reacTime: 2990781988
48th reacTime: 2931218544
49th reacTime: 2579423993
50th reacTime: 2586558825
51th reacTime: 2036066852
52th reacTime: 2891758400
53th reacTime: 2116508196
54th reacTime: 3560918961
55th reacTime: 848817359
56th reacTime: 3810110542
57th reacTime: 1547787110
58th reacTime: 3245169402
59th reacTime: 2103484445
60th reacTime: 2792668431
61th reacTime: 1008526829
62th reacTime: 3352581571
63th reacTime: 2381602785
64th reacTime: 3020736188
65th reacTime: 1879400513
66th reacTime: 2111926065
67th reacTime: 2442554183
68th reacTime: 7509770000
69th reacTime: 2825408058
70th reacTime: 3292577889
71th reacTime: 4255706762
72th reacTime: 2625288961
73th reacTime: 2581245230
74th reacTime: 5563956870
75th reacTime: 905272085
76th reacTime: 2321719
77th reacTime: 83279971
78th reacTime: 169085518
79th reacTime: 77294043
80th reacTime: 95985661
81th reacTime: 106066594
82th reacTime: 186436844
83th reacTime: 69558323
84th reacTime: 29901327
85th reacTime: 66029033
86th reacTime: 162974531
87th reacTime: 130062424
88th reacTime: 161424296
89th reacTime: 69612448
90th reacTime: 40238087
91th reacTime: 55353948
92th reacTime: 58064045
93th reacTime: 102748860
94th reacTime: 45030216
95th reacTime: 54165854
96th reacTime: 185613216
97th reacTime: 64629121
98th reacTime: 88630732
99th reacTime: 46285376
100th reacTime: 86767750
101th reacTime: 11069522
102th reacTime: 32735782
103th reacTime: 56659241
104th reacTime: 161746770
105th reacTime: 391696
106th reacTime: 178063311
107th reacTime: 62823711
108th reacTime: 124583
109th reacTime: 80532559
110th reacTime: 129048677
111th reacTime: 210722
112th reacTime: 95527152
113th reacTime: 11496048
114th reacTime: 53489559
115th reacTime: 107330
116th reacTime: 102478320
117th reacTime: 128039615
118th reacTime: 838405
119th reacTime: 112514491
120th reacTime: 64321979
121th reacTime: 89552563
122th reacTime: 414367
123th reacTime: 443640
124th reacTime: 146510748
125th reacTime: 1475723
126th reacTime: 82364372
127th reacTime: 164369647
128th reacTime: 519321
129th reacTime: 92417527
130th reacTime: 92812561
131th reacTime: 59315500
132th reacTime: 56443207
133th reacTime: 48716239
134th reacTime: 69771866
135th reacTime: 140454
136th reacTime: 67426415
137th reacTime: 56544378
138th reacTime: 114683
139th reacTime: 52396729
140th reacTime: 110528172
141th reacTime: 83824441
142th reacTime: 105062711
143th reacTime: 595222
144th reacTime: 153881947
145th reacTime: 56323178
146th reacTime: 63808159
147th reacTime: 82923323
148th reacTime: 51497541
149th reacTime: 57325909
150th reacTime: 85391433
151th reacTime: 99450082
152th reacTime: 145843331
153th reacTime: 81439150
154th reacTime: 133451869
155th reacTime: 16560984
156th reacTime: 200325499
157th reacTime: 7837602
158th reacTime: 89475039
159th reacTime: 51230187
160th reacTime: 39726017
161th reacTime: 63990503
162th reacTime: 73142484
163th reacTime: 138636615
164th reacTime: 203853847
165th reacTime: 79784267
166th reacTime: 284900226
167th reacTime: 73416593
168th reacTime: 29949579
169th reacTime: 77779954
170th reacTime: 145904972
171th reacTime: 126533508
172th reacTime: 174443509
173th reacTime: 91943720
174th reacTime: 110807
175th reacTime: 147516751
176th reacTime: 347588
177th reacTime: 89604704
178th reacTime: 82019042
179th reacTime: 87213054
180th reacTime: 87194263
181th reacTime: 157578
182th reacTime: 135669226
183th reacTime: 56384105
184th reacTime: 79614248
185th reacTime: 90286433
186th reacTime: 13350855
187th reacTime: 142061155
188th reacTime: 125774634
189th reacTime: 171986138
190th reacTime: 64083840
191th reacTime: 63647241
192th reacTime: 24097727
193th reacTime: 71797998
194th reacTime: 161912356
195th reacTime: 67642416
196th reacTime: 106659647
197th reacTime: 39227928
198th reacTime: 173217960
199th reacTime: 149406209
200th reacTime: 509097
201th reacTime: 84975323
202th reacTime: 124333605
203th reacTime: 472079
204th reacTime: 77224476
205th reacTime: 62206412
206th reacTime: 350559
207th reacTime: 89487508
208th reacTime: 70007388
209th reacTime: 111020860
210th reacTime: 97136823
211th reacTime: 124111328
212th reacTime: 133402887
213th reacTime: 617833
214th reacTime: 57499737
215th reacTime: 428731
216th reacTime: 76039259
217th reacTime: 60879069
218th reacTime: 42343601
219th reacTime: 51616679
220th reacTime: 97980
221th reacTime: 62244443
222th reacTime: 170615960
223th reacTime: 65839973
224th reacTime: 152440540
225th reacTime: 164422640
226th reacTime: 230135
227th reacTime: 83313462
Avg reaction times: 680226683
Avg time to K Percepts: 3861713
