<?xml version="1.0" encoding="UTF-8" standalone="no"?>
<!DOCTYPE log SYSTEM "logger.dtd">
<log>
<record>
  <date>2025-06-23T22:51:00.592153648Z</date>
  <millis>1750719060592</millis>
  <nanos>153648</nanos>
  <sequence>0</sequence>
  <logger>jason.asSemantics.TransitionSystem.uav1</logger>
  <level>INFO</level>
  <class>jason.stdlib.println</class>
  <method>execute</method>
  <thread>44</thread>
  <message>Started![[-2,-2,7.25],[2,-2,7.25],[2,2,7.25],[-2,2,7.25]]</message>
</record>
<record>
  <date>2025-06-23T22:51:00.596564678Z</date>
  <millis>1750719060596</millis>
  <nanos>564678</nanos>
  <sequence>1</sequence>
  <logger>jason.asSemantics.TransitionSystem.uav1</logger>
  <level>INFO</level>
  <class>jason.stdlib.println</class>
  <method>execute</method>
  <thread>44</thread>
  <message>Calculating landing position</message>
</record>
<record>
  <date>2025-06-23T22:51:00.599544270Z</date>
  <millis>1750719060599</millis>
  <nanos>544270</nanos>
  <sequence>2</sequence>
  <logger>jason.asSemantics.TransitionSystem.uav1</logger>
  <level>INFO</level>
  <class>jason.stdlib.println</class>
  <method>execute</method>
  <thread>44</thread>
  <message>Calculating area</message>
</record>
<record>
  <date>2025-06-23T22:51:00.603536707Z</date>
  <millis>1750719060603</millis>
  <nanos>536707</nanos>
  <sequence>3</sequence>
  <logger>jason.asSemantics.TransitionSystem.uav1</logger>
  <level>INFO</level>
  <class>jason.stdlib.println</class>
  <method>execute</method>
  <thread>44</thread>
  <message>Calculating waypoints</message>
</record>
<record>
  <date>2025-06-23T22:51:00.607074595Z</date>
  <millis>1750719060607</millis>
  <nanos>74595</nanos>
  <sequence>4</sequence>
  <logger>jason.asSemantics.TransitionSystem.uav1</logger>
  <level>INFO</level>
  <class>jason.stdlib.println</class>
  <method>execute</method>
  <thread>44</thread>
  <message>Calculating waypoints</message>
</record>
<record>
  <date>2025-06-23T22:51:00.610787530Z</date>
  <millis>1750719060610</millis>
  <nanos>787530</nanos>
  <sequence>5</sequence>
  <logger>jason.asSemantics.TransitionSystem.uav1</logger>
  <level>INFO</level>
  <class>jason.stdlib.println</class>
  <method>execute</method>
  <thread>44</thread>
  <message>Calculating waypoints</message>
</record>
<record>
  <date>2025-06-23T22:51:00.613154259Z</date>
  <millis>1750719060613</millis>
  <nanos>154259</nanos>
  <sequence>6</sequence>
  <logger>jason.asSemantics.TransitionSystem.uav1</logger>
  <level>INFO</level>
  <class>jason.stdlib.println</class>
  <method>execute</method>
  <thread>44</thread>
  <message>Finished calculating waypoints</message>
</record>
<record>
  <date>2025-06-23T22:51:00.616839074Z</date>
  <millis>1750719060616</millis>
  <nanos>839074</nanos>
  <sequence>7</sequence>
  <logger>jason.asSemantics.TransitionSystem.uav1</logger>
  <level>INFO</level>
  <class>jason.stdlib.println</class>
  <method>execute</method>
  <thread>44</thread>
  <message>Waypoints list: [[-47.5,-47.5,6.25],[-47.5,-2.5,6.25],[-42.5,-2.5,6.25],[-42.5,-47.5,6.25],[-37.5,-47.5,6.25],[-37.5,-2.5,6.25],[-32.5,-2.5,6.25],[-32.5,-47.5,6.25],[-27.5,-47.5,6.25],[-27.5,-2.5,6.25],[-22.5,-2.5,6.25],[-22.5,-47.5,6.25]]</message>
</record>
<record>
  <date>2025-06-23T22:51:00.627398030Z</date>
  <millis>1750719060627</millis>
  <nanos>398030</nanos>
  <sequence>8</sequence>
  <logger>jason.asSemantics.TransitionSystem.uav1</logger>
  <level>INFO</level>
  <class>jason.stdlib.println</class>
  <method>execute</method>
  <thread>44</thread>
  <message>Mission search state is running</message>
</record>
<record>
  <date>2025-06-23T22:51:03.360858767Z</date>
  <millis>1750719063360</millis>
  <nanos>858767</nanos>
  <sequence>9</sequence>
  <logger>jason.asSemantics.TransitionSystem.uav1</logger>
  <level>INFO</level>
  <class>jason.stdlib.println</class>
  <method>execute</method>
  <thread>44</thread>
  <message>N = 2</message>
</record>
<record>
  <date>2025-06-23T22:51:03.365120984Z</date>
  <millis>1750719063365</millis>
  <nanos>120984</nanos>
  <sequence>10</sequence>
  <logger>jason.asSemantics.TransitionSystem.uav1</logger>
  <level>INFO</level>
  <class>jason.stdlib.println</class>
  <method>execute</method>
  <thread>44</thread>
  <message>T after internal= 5</message>
</record>
</log>
